<?xml version="1.0" encoding="UTF-8"?>
<!-- Generated by org.testng.reporters.JUnitXMLReporter -->
<testsuite ignored="1" hostname="Romanas-MacBook-Air.local" failures="0" tests="8" name="Regression Tests" time="489.551" errors="0" timestamp="2026-09-17T15:19:13 EDT">
  <testcase classname="tests.SearchEmployeeTest" name="searchEmployeeTest" time="69.687"/>
  <testcase classname="tests.EditEmployeeTest" name="editEmployeeTest" time="74.442"/>
  <testcase classname="tests.PIMTest" name="navigateToPIMTest" time="37.108"/>
  <testcase classname="tests.LoginTest" name="validLoginTest" time="15.831"/>
  <testcase classname="tests.DeleteEmployeeTest" name="deleteEmployeeTest" time="88.492"/>
  <testcase classname="tests.LogoutTest" name="validLogoutTest" time="38.858"/>
  <testcase classname="tests.AddEmployeeTest" name="addEmployeeTest" time="57.929"/>
  <testcase classname="tests.InvalidLoginTest" name="invalidLoginTest" time="24.953"/>
  <testcase classname="tests.FrameworkSetupTest" name="launchBrowser" time="0.0">
    <ignored/>
  </testcase> <!-- launchBrowser -->
</testsuite> <!-- Regression Tests -->
