<?xml version="1.0" encoding="UTF-8"?>
<!-- Generated by org.testng.reporters.JUnitXMLReporter -->
<testsuite ignored="1" hostname="Romanas-MacBook-Air.local" failures="0" tests="8" name="Regression Tests" time="98.109" errors="0" timestamp="2026-09-17T15:22:09 EDT">
  <testcase classname="tests.SearchEmployeeTest" name="searchEmployeeTest" time="13.553"/>
  <testcase classname="tests.EditEmployeeTest" name="editEmployeeTest" time="14.86"/>
  <testcase classname="tests.PIMTest" name="navigateToPIMTest" time="4.343"/>
  <testcase classname="tests.LoginTest" name="validLoginTest" time="2.967"/>
  <testcase classname="tests.DeleteEmployeeTest" name="deleteEmployeeTest" time="25.867"/>
  <testcase classname="tests.LogoutTest" name="validLogoutTest" time="4.92"/>
  <testcase classname="tests.AddEmployeeTest" name="addEmployeeTest" time="9.647"/>
  <testcase classname="tests.InvalidLoginTest" name="invalidLoginTest" time="3.076"/>
  <testcase classname="tests.FrameworkSetupTest" name="launchBrowser" time="0.0">
    <ignored/>
  </testcase> <!-- launchBrowser -->
</testsuite> <!-- Regression Tests -->
