<?xml version="1.0" encoding="UTF-8"?>
<testsuite xmlns:xsi="http://www.w3.org/2001/XMLSchema-instance" xsi:noNamespaceSchemaLocation="https://maven.apache.org/surefire/maven-surefire-plugin/xsd/surefire-test-report.xsd" version="3.0.2" name="TestSuite" time="98.81" tests="8" errors="0" skipped="0" failures="0">
  <properties>
[...]
</properties>
  <testcase name="searchEmployeeTest" classname="tests.SearchEmployeeTest" time="13.564">
    <system-out><![CDATA[15:20:31 INFO  BaseTest - Starting browser
15:20:34 INFO  BaseTest - Browser started successfully
PASSED: searchEmployeeTest
]]></system-out>
    <system-err><![CDATA[SLF4J(W): No SLF4J providers were found.
SLF4J(W): Defaulting to no-operation (NOP) logger implementation
SLF4J(W): See https://www.slf4j.org/codes.html#noProviders for further details.
Sep 17, 2026 3:20:34 PM org.openqa.selenium.devtools.CdpVersionFinder findNearestMatch
WARNING: Unable to find CDP implementation matching 152
Sep 17, 2026 3:20:34 PM org.openqa.selenium.chromium.ChromiumDriver lambda$new$4
WARNING: Unable to find version of CDP to use for 152.0.7977.84. You may need to include a dependency on a specific version of the CDP using something similar to `org.seleniumhq.selenium:selenium-devtools-v86:4.34.0` where the version ("v86") matches the version of the chromium-based browser you're using and the version number of the artifact is the same as Selenium's.
]]></system-err>
  </testcase>
  <testcase name="editEmployeeTest" classname="tests.EditEmployeeTest" time="14.861">
    <system-out><![CDATA[15:20:48 INFO  BaseTest - Test PASSED: searchEmployeeTest
15:20:48 INFO  BaseTest - Closing browser
15:20:48 INFO  BaseTest - Browser closed
15:20:48 INFO  BaseTest - Starting browser
15:20:49 INFO  BaseTest - Browser started successfully
PASSED: editEmployeeTest
]]></system-out>
    <system-err><![CDATA[Sep 17, 2026 3:20:49 PM org.openqa.selenium.devtools.CdpVersionFinder findNearestMatch
WARNING: Unable to find CDP implementation matching 152
Sep 17, 2026 3:20:49 PM org.openqa.selenium.chromium.ChromiumDriver lambda$new$4
WARNING: Unable to find version of CDP to use for 152.0.7977.84. You may need to include a dependency on a specific version of the CDP using something similar to `org.seleniumhq.selenium:selenium-devtools-v86:4.34.0` where the version ("v86") matches the version of the chromium-based browser you're using and the version number of the artifact is the same as Selenium's.
]]></system-err>
  </testcase>
  <testcase name="navigateToPIMTest" classname="tests.PIMTest" time="4.344">
    <system-out><![CDATA[15:21:04 INFO  BaseTest - Test PASSED: editEmployeeTest
15:21:04 INFO  BaseTest - Closing browser
15:21:04 INFO  BaseTest - Browser closed
15:21:04 INFO  BaseTest - Starting browser
15:21:05 INFO  BaseTest - Browser started successfully
PASSED: navigateToPIMTest
]]></system-out>
    <system-err><![CDATA[Sep 17, 2026 3:21:05 PM org.openqa.selenium.devtools.CdpVersionFinder findNearestMatch
WARNING: Unable to find CDP implementation matching 152
Sep 17, 2026 3:21:05 PM org.openqa.selenium.chromium.ChromiumDriver lambda$new$4
WARNING: Unable to find version of CDP to use for 152.0.7977.84. You may need to include a dependency on a specific version of the CDP using something similar to `org.seleniumhq.selenium:selenium-devtools-v86:4.34.0` where the version ("v86") matches the version of the chromium-based browser you're using and the version number of the artifact is the same as Selenium's.
]]></system-err>
  </testcase>
  <testcase name="validLoginTest" classname="tests.LoginTest" time="2.967">
    <system-out><![CDATA[15:21:09 INFO  BaseTest - Test PASSED: navigateToPIMTest
15:21:09 INFO  BaseTest - Closing browser
15:21:09 INFO  BaseTest - Browser closed
15:21:09 INFO  BaseTest - Starting browser
15:21:10 INFO  BaseTest - Browser started successfully
PASSED: validLoginTest
]]></system-out>
    <system-err><![CDATA[Sep 17, 2026 3:21:10 PM org.openqa.selenium.devtools.CdpVersionFinder findNearestMatch
WARNING: Unable to find CDP implementation matching 152
Sep 17, 2026 3:21:10 PM org.openqa.selenium.chromium.ChromiumDriver lambda$new$4
WARNING: Unable to find version of CDP to use for 152.0.7977.84. You may need to include a dependency on a specific version of the CDP using something similar to `org.seleniumhq.selenium:selenium-devtools-v86:4.34.0` where the version ("v86") matches the version of the chromium-based browser you're using and the version number of the artifact is the same as Selenium's.
]]></system-err>
  </testcase>
  <testcase name="deleteEmployeeTest" classname="tests.DeleteEmployeeTest" time="25.867">
    <system-out><![CDATA[15:21:13 INFO  BaseTest - Test PASSED: validLoginTest
15:21:13 INFO  BaseTest - Closing browser
15:21:13 INFO  BaseTest - Browser closed
15:21:13 INFO  BaseTest - Starting browser
15:21:14 INFO  BaseTest - Browser started successfully
PASSED: deleteEmployeeTest
]]></system-out>
    <system-err><![CDATA[Sep 17, 2026 3:21:14 PM org.openqa.selenium.devtools.CdpVersionFinder findNearestMatch
WARNING: Unable to find CDP implementation matching 152
Sep 17, 2026 3:21:14 PM org.openqa.selenium.chromium.ChromiumDriver lambda$new$4
WARNING: Unable to find version of CDP to use for 152.0.7977.84. You may need to include a dependency on a specific version of the CDP using something similar to `org.seleniumhq.selenium:selenium-devtools-v86:4.34.0` where the version ("v86") matches the version of the chromium-based browser you're using and the version number of the artifact is the same as Selenium's.
]]></system-err>
  </testcase>
  <testcase name="validLogoutTest" classname="tests.LogoutTest" time="4.921">
    <system-out><![CDATA[15:21:40 INFO  BaseTest - Test PASSED: deleteEmployeeTest
15:21:40 INFO  BaseTest - Closing browser
15:21:49 INFO  BaseTest - Browser closed
15:21:49 INFO  BaseTest - Starting browser
15:21:50 INFO  BaseTest - Browser started successfully
PASSED: validLogoutTest
]]></system-out>
    <system-err><![CDATA[Sep 17, 2026 3:21:49 PM org.openqa.selenium.devtools.CdpVersionFinder findNearestMatch
WARNING: Unable to find CDP implementation matching 152
Sep 17, 2026 3:21:49 PM org.openqa.selenium.chromium.ChromiumDriver lambda$new$4
WARNING: Unable to find version of CDP to use for 152.0.7977.84. You may need to include a dependency on a specific version of the CDP using something similar to `org.seleniumhq.selenium:selenium-devtools-v86:4.34.0` where the version ("v86") matches the version of the chromium-based browser you're using and the version number of the artifact is the same as Selenium's.
]]></system-err>
  </testcase>
  <testcase name="addEmployeeTest" classname="tests.AddEmployeeTest" time="9.648">
    <system-out><![CDATA[15:21:54 INFO  BaseTest - Test PASSED: validLogoutTest
15:21:54 INFO  BaseTest - Closing browser
15:21:55 INFO  BaseTest - Browser closed
15:21:55 INFO  BaseTest - Starting browser
15:21:55 INFO  BaseTest - Browser started successfully
PASSED: addEmployeeTest
]]></system-out>
    <system-err><![CDATA[Sep 17, 2026 3:21:55 PM org.openqa.selenium.devtools.CdpVersionFinder findNearestMatch
WARNING: Unable to find CDP implementation matching 152
Sep 17, 2026 3:21:55 PM org.openqa.selenium.chromium.ChromiumDriver lambda$new$4
WARNING: Unable to find version of CDP to use for 152.0.7977.84. You may need to include a dependency on a specific version of the CDP using something similar to `org.seleniumhq.selenium:selenium-devtools-v86:4.34.0` where the version ("v86") matches the version of the chromium-based browser you're using and the version number of the artifact is the same as Selenium's.
]]></system-err>
  </testcase>
  <testcase name="invalidLoginTest" classname="tests.InvalidLoginTest" time="3.077">
    <system-out><![CDATA[15:22:05 INFO  BaseTest - Test PASSED: addEmployeeTest
15:22:05 INFO  BaseTest - Closing browser
15:22:05 INFO  BaseTest - Browser closed
15:22:05 INFO  BaseTest - Starting browser
15:22:06 INFO  BaseTest - Browser started successfully
PASSED: invalidLoginTest
]]></system-out>
    <system-err><![CDATA[Sep 17, 2026 3:22:06 PM org.openqa.selenium.devtools.CdpVersionFinder findNearestMatch
WARNING: Unable to find CDP implementation matching 152
Sep 17, 2026 3:22:06 PM org.openqa.selenium.chromium.ChromiumDriver lambda$new$4
WARNING: Unable to find version of CDP to use for 152.0.7977.84. You may need to include a dependency on a specific version of the CDP using something similar to `org.seleniumhq.selenium:selenium-devtools-v86:4.34.0` where the version ("v86") matches the version of the chromium-based browser you're using and the version number of the artifact is the same as Selenium's.
]]></system-err>
  </testcase>
</testsuite>