<?xml version="1.0" encoding="UTF-8"?>
<testng-results ignored="1" total="9" passed="8" failed="0" skipped="0">
  <reporter-output>
  </reporter-output>
  <suite started-at="2026-09-17T15:20:31 EDT" name="OrangeHRM Automation Suite" finished-at="2026-09-17T15:22:09 EDT" duration-ms="98109">
    <groups>
      <group name="regression">
        <method signature="AddEmployeeTest.addEmployeeTest()[pri:0, instance:tests.AddEmployeeTest@2b5825fa]" name="addEmployeeTest" class="tests.AddEmployeeTest"/>
        <method signature="DeleteEmployeeTest.deleteEmployeeTest()[pri:0, instance:tests.DeleteEmployeeTest@34997338]" name="deleteEmployeeTest" class="tests.DeleteEmployeeTest"/>
        <method signature="EditEmployeeTest.editEmployeeTest()[pri:0, instance:tests.EditEmployeeTest@4504d271]" name="editEmployeeTest" class="tests.EditEmployeeTest"/>
        <method signature="InvalidLoginTest.invalidLoginTest()[pri:0, instance:tests.InvalidLoginTest@53d1b9b3]" name="invalidLoginTest" class="tests.InvalidLoginTest"/>
        <method signature="LoginTest.validLoginTest()[pri:0, instance:tests.LoginTest@65b3a85a]" name="validLoginTest" class="tests.LoginTest"/>
        <method signature="LogoutTest.validLogoutTest()[pri:0, instance:tests.LogoutTest@57eda880]" name="validLogoutTest" class="tests.LogoutTest"/>
        <method signature="PIMTest.navigateToPIMTest()[pri:0, instance:tests.PIMTest@207b8649]" name="navigateToPIMTest" class="tests.PIMTest"/>
        <method signature="SearchEmployeeTest.searchEmployeeTest()[pri:0, instance:tests.SearchEmployeeTest@3f792b9b]" name="searchEmployeeTest" class="tests.SearchEmployeeTest"/>
      </group> <!-- regression -->
      <group name="smoke">
        <method signature="LoginTest.validLoginTest()[pri:0, instance:tests.LoginTest@65b3a85a]" name="validLoginTest" class="tests.LoginTest"/>
      </group> <!-- smoke -->
    </groups>
    <test started-at="2026-09-17T15:20:31 EDT" name="Regression Tests" finished-at="2026-09-17T15:22:09 EDT" duration-ms="98109">
      <class name="tests.LoginTest">
        <test-method is-config="true" signature="setUp()[pri:0, instance:tests.LoginTest@65b3a85a]" started-at="2026-09-17T15:21:09 EDT" name="setUp" finished-at="2026-09-17T15:21:10 EDT" duration-ms="889" status="PASS">
          <reporter-output>
          </reporter-output>
        </test-method> <!-- setUp -->
        <test-method signature="validLoginTest()[pri:0, instance:tests.LoginTest@65b3a85a]" started-at="2026-09-17T15:21:10 EDT" name="validLoginTest" finished-at="2026-09-17T15:21:13 EDT" duration-ms="2967" status="PASS">
          <reporter-output>
          </reporter-output>
        </test-method> <!-- validLoginTest -->
        <test-method is-config="true" signature="tearDown(org.testng.ITestResult)[pri:0, instance:tests.LoginTest@65b3a85a]" started-at="2026-09-17T15:21:13 EDT" name="tearDown" finished-at="2026-09-17T15:21:13 EDT" duration-ms="89" status="PASS">
          <params>
            <param index="0">
              <value>
                <![CDATA[[TestResult name=validLoginTest status=SUCCESS method=LoginTest.validLoginTest()[pri:0, instance:tests.LoginTest@65b3a85a] output={null}]]]>
              </value>
            </param>
          </params>
          <reporter-output>
          </reporter-output>
        </test-method> <!-- tearDown -->
      </class> <!-- tests.LoginTest -->
      <class name="tests.DeleteEmployeeTest">
        <test-method is-config="true" signature="setUp()[pri:0, instance:tests.DeleteEmployeeTest@34997338]" started-at="2026-09-17T15:21:13 EDT" name="setUp" finished-at="2026-09-17T15:21:14 EDT" duration-ms="940" status="PASS">
          <reporter-output>
          </reporter-output>
        </test-method> <!-- setUp -->
        <test-method signature="deleteEmployeeTest()[pri:0, instance:tests.DeleteEmployeeTest@34997338]" started-at="2026-09-17T15:21:14 EDT" name="deleteEmployeeTest" finished-at="2026-09-17T15:21:40 EDT" duration-ms="25867" status="PASS">
          <reporter-output>
          </reporter-output>
        </test-method> <!-- deleteEmployeeTest -->
        <test-method is-config="true" signature="tearDown(org.testng.ITestResult)[pri:0, instance:tests.DeleteEmployeeTest@34997338]" started-at="2026-09-17T15:21:40 EDT" name="tearDown" finished-at="2026-09-17T15:21:49 EDT" duration-ms="8396" status="PASS">
          <params>
            <param index="0">
              <value>
                <![CDATA[[TestResult name=deleteEmployeeTest status=SUCCESS method=DeleteEmployeeTest.deleteEmployeeTest()[pri:0, instance:tests.DeleteEmployeeTest@34997338] output={null}]]]>
              </value>
            </param>
          </params>
          <reporter-output>
          </reporter-output>
        </test-method> <!-- tearDown -->
      </class> <!-- tests.DeleteEmployeeTest -->
      <class name="tests.AddEmployeeTest">
        <test-method is-config="true" signature="setUp()[pri:0, instance:tests.AddEmployeeTest@2b5825fa]" started-at="2026-09-17T15:21:55 EDT" name="setUp" finished-at="2026-09-17T15:21:55 EDT" duration-ms="901" status="PASS">
          <reporter-output>
          </reporter-output>
        </test-method> <!-- setUp -->
        <test-method signature="addEmployeeTest()[pri:0, instance:tests.AddEmployeeTest@2b5825fa]" started-at="2026-09-17T15:21:55 EDT" name="addEmployeeTest" finished-at="2026-09-17T15:22:05 EDT" duration-ms="9647" status="PASS">
          <reporter-output>
          </reporter-output>
        </test-method> <!-- addEmployeeTest -->
        <test-method is-config="true" signature="tearDown(org.testng.ITestResult)[pri:0, instance:tests.AddEmployeeTest@2b5825fa]" started-at="2026-09-17T15:22:05 EDT" name="tearDown" finished-at="2026-09-17T15:22:05 EDT" duration-ms="93" status="PASS">
          <params>
            <param index="0">
              <value>
                <![CDATA[[TestResult name=addEmployeeTest status=SUCCESS method=AddEmployeeTest.addEmployeeTest()[pri:0, instance:tests.AddEmployeeTest@2b5825fa] output={null}]]]>
              </value>
            </param>
          </params>
          <reporter-output>
          </reporter-output>
        </test-method> <!-- tearDown -->
      </class> <!-- tests.AddEmployeeTest -->
      <class name="tests.PIMTest">
        <test-method is-config="true" signature="setUp()[pri:0, instance:tests.PIMTest@207b8649]" started-at="2026-09-17T15:21:04 EDT" name="setUp" finished-at="2026-09-17T15:21:05 EDT" duration-ms="906" status="PASS">
          <reporter-output>
          </reporter-output>
        </test-method> <!-- setUp -->
        <test-method signature="navigateToPIMTest()[pri:0, instance:tests.PIMTest@207b8649]" started-at="2026-09-17T15:21:05 EDT" name="navigateToPIMTest" finished-at="2026-09-17T15:21:09 EDT" duration-ms="4343" status="PASS">
          <reporter-output>
          </reporter-output>
        </test-method> <!-- navigateToPIMTest -->
        <test-method is-config="true" signature="tearDown(org.testng.ITestResult)[pri:0, instance:tests.PIMTest@207b8649]" started-at="2026-09-17T15:21:09 EDT" name="tearDown" finished-at="2026-09-17T15:21:09 EDT" duration-ms="98" status="PASS">
          <params>
            <param index="0">
              <value>
                <![CDATA[[TestResult name=navigateToPIMTest status=SUCCESS method=PIMTest.navigateToPIMTest()[pri:0, instance:tests.PIMTest@207b8649] output={null}]]]>
              </value>
            </param>
          </params>
          <reporter-output>
          </reporter-output>
        </test-method> <!-- tearDown -->
      </class> <!-- tests.PIMTest -->
      <class name="tests.EditEmployeeTest">
        <test-method is-config="true" signature="setUp()[pri:0, instance:tests.EditEmployeeTest@4504d271]" started-at="2026-09-17T15:20:48 EDT" name="setUp" finished-at="2026-09-17T15:20:49 EDT" duration-ms="951" status="PASS">
          <reporter-output>
          </reporter-output>
        </test-method> <!-- setUp -->
        <test-method signature="editEmployeeTest()[pri:0, instance:tests.EditEmployeeTest@4504d271]" started-at="2026-09-17T15:20:49 EDT" name="editEmployeeTest" finished-at="2026-09-17T15:21:04 EDT" duration-ms="14860" status="PASS">
          <reporter-output>
          </reporter-output>
        </test-method> <!-- editEmployeeTest -->
        <test-method is-config="true" signature="tearDown(org.testng.ITestResult)[pri:0, instance:tests.EditEmployeeTest@4504d271]" started-at="2026-09-17T15:21:04 EDT" name="tearDown" finished-at="2026-09-17T15:21:04 EDT" duration-ms="101" status="PASS">
          <params>
            <param index="0">
              <value>
                <![CDATA[[TestResult name=editEmployeeTest status=SUCCESS method=EditEmployeeTest.editEmployeeTest()[pri:0, instance:tests.EditEmployeeTest@4504d271] output={null}]]]>
              </value>
            </param>
          </params>
          <reporter-output>
          </reporter-output>
        </test-method> <!-- tearDown -->
      </class> <!-- tests.EditEmployeeTest -->
      <class name="tests.LogoutTest">
        <test-method is-config="true" signature="setUp()[pri:0, instance:tests.LogoutTest@57eda880]" started-at="2026-09-17T15:21:49 EDT" name="setUp" finished-at="2026-09-17T15:21:50 EDT" duration-ms="955" status="PASS">
          <reporter-output>
          </reporter-output>
        </test-method> <!-- setUp -->
        <test-method signature="validLogoutTest()[pri:0, instance:tests.LogoutTest@57eda880]" started-at="2026-09-17T15:21:50 EDT" name="validLogoutTest" finished-at="2026-09-17T15:21:54 EDT" duration-ms="4920" status="PASS">
          <reporter-output>
          </reporter-output>
        </test-method> <!-- validLogoutTest -->
        <test-method is-config="true" signature="tearDown(org.testng.ITestResult)[pri:0, instance:tests.LogoutTest@57eda880]" started-at="2026-09-17T15:21:54 EDT" name="tearDown" finished-at="2026-09-17T15:21:55 EDT" duration-ms="94" status="PASS">
          <params>
            <param index="0">
              <value>
                <![CDATA[[TestResult name=validLogoutTest status=SUCCESS method=LogoutTest.validLogoutTest()[pri:0, instance:tests.LogoutTest@57eda880] output={null}]]]>
              </value>
            </param>
          </params>
          <reporter-output>
          </reporter-output>
        </test-method> <!-- tearDown -->
      </class> <!-- tests.LogoutTest -->
      <class name="tests.InvalidLoginTest">
        <test-method is-config="true" signature="setUp()[pri:0, instance:tests.InvalidLoginTest@53d1b9b3]" started-at="2026-09-17T15:22:05 EDT" name="setUp" finished-at="2026-09-17T15:22:06 EDT" duration-ms="917" status="PASS">
          <reporter-output>
          </reporter-output>
        </test-method> <!-- setUp -->
        <test-method signature="invalidLoginTest()[pri:0, instance:tests.InvalidLoginTest@53d1b9b3]" started-at="2026-09-17T15:22:06 EDT" name="invalidLoginTest" finished-at="2026-09-17T15:22:09 EDT" duration-ms="3076" status="PASS">
          <reporter-output>
          </reporter-output>
        </test-method> <!-- invalidLoginTest -->
        <test-method is-config="true" signature="tearDown(org.testng.ITestResult)[pri:0, instance:tests.InvalidLoginTest@53d1b9b3]" started-at="2026-09-17T15:22:09 EDT" name="tearDown" finished-at="2026-09-17T15:22:09 EDT" duration-ms="93" status="PASS">
          <params>
            <param index="0">
              <value>
                <![CDATA[[TestResult name=invalidLoginTest status=SUCCESS method=InvalidLoginTest.invalidLoginTest()[pri:0, instance:tests.InvalidLoginTest@53d1b9b3] output={null}]]]>
              </value>
            </param>
          </params>
          <reporter-output>
          </reporter-output>
        </test-method> <!-- tearDown -->
      </class> <!-- tests.InvalidLoginTest -->
      <class name="tests.SearchEmployeeTest">
        <test-method is-config="true" signature="setUp()[pri:0, instance:tests.SearchEmployeeTest@3f792b9b]" started-at="2026-09-17T15:20:31 EDT" name="setUp" finished-at="2026-09-17T15:20:34 EDT" duration-ms="3310" status="PASS">
          <reporter-output>
          </reporter-output>
        </test-method> <!-- setUp -->
        <test-method signature="searchEmployeeTest()[pri:0, instance:tests.SearchEmployeeTest@3f792b9b]" started-at="2026-09-17T15:20:34 EDT" name="searchEmployeeTest" finished-at="2026-09-17T15:20:48 EDT" duration-ms="13553" status="PASS">
          <reporter-output>
          </reporter-output>
        </test-method> <!-- searchEmployeeTest -->
        <test-method is-config="true" signature="tearDown(org.testng.ITestResult)[pri:0, instance:tests.SearchEmployeeTest@3f792b9b]" started-at="2026-09-17T15:20:48 EDT" name="tearDown" finished-at="2026-09-17T15:20:48 EDT" duration-ms="109" status="PASS">
          <params>
            <param index="0">
              <value>
                <![CDATA[[TestResult name=searchEmployeeTest status=SUCCESS method=SearchEmployeeTest.searchEmployeeTest()[pri:0, instance:tests.SearchEmployeeTest@3f792b9b] output={null}]]]>
              </value>
            </param>
          </params>
          <reporter-output>
          </reporter-output>
        </test-method> <!-- tearDown -->
      </class> <!-- tests.SearchEmployeeTest -->
    </test> <!-- Regression Tests -->
  </suite> <!-- OrangeHRM Automation Suite -->
</testng-results>
