<?xml version="1.0" encoding="UTF-8"?>
<testng-results ignored="1" total="9" passed="8" failed="0" skipped="0">
  <reporter-output>
  </reporter-output>
  <suite started-at="2026-09-17T15:11:03 EDT" name="OrangeHRM Automation Suite" finished-at="2026-09-17T15:19:13 EDT" duration-ms="489551">
    <groups>
      <group name="regression">
        <method signature="AddEmployeeTest.addEmployeeTest()[pri:0, instance:tests.AddEmployeeTest@5cad8b7d]" name="addEmployeeTest" class="tests.AddEmployeeTest"/>
        <method signature="DeleteEmployeeTest.deleteEmployeeTest()[pri:0, instance:tests.DeleteEmployeeTest@315df4bb]" name="deleteEmployeeTest" class="tests.DeleteEmployeeTest"/>
        <method signature="EditEmployeeTest.editEmployeeTest()[pri:0, instance:tests.EditEmployeeTest@51abf713]" name="editEmployeeTest" class="tests.EditEmployeeTest"/>
        <method signature="InvalidLoginTest.invalidLoginTest()[pri:0, instance:tests.InvalidLoginTest@7b02e036]" name="invalidLoginTest" class="tests.InvalidLoginTest"/>
        <method signature="LoginTest.validLoginTest()[pri:0, instance:tests.LoginTest@4d4d48a6]" name="validLoginTest" class="tests.LoginTest"/>
        <method signature="LogoutTest.validLogoutTest()[pri:0, instance:tests.LogoutTest@3fc08eec]" name="validLogoutTest" class="tests.LogoutTest"/>
        <method signature="PIMTest.navigateToPIMTest()[pri:0, instance:tests.PIMTest@eadb475]" name="navigateToPIMTest" class="tests.PIMTest"/>
        <method signature="SearchEmployeeTest.searchEmployeeTest()[pri:0, instance:tests.SearchEmployeeTest@57a4d5ee]" name="searchEmployeeTest" class="tests.SearchEmployeeTest"/>
      </group> <!-- regression -->
      <group name="smoke">
        <method signature="LoginTest.validLoginTest()[pri:0, instance:tests.LoginTest@4d4d48a6]" name="validLoginTest" class="tests.LoginTest"/>
      </group> <!-- smoke -->
    </groups>
    <test started-at="2026-09-17T15:11:03 EDT" name="Regression Tests" finished-at="2026-09-17T15:19:13 EDT" duration-ms="489551">
      <class name="tests.LoginTest">
        <test-method is-config="true" signature="setUp()[pri:0, instance:tests.LoginTest@4d4d48a6]" started-at="2026-09-17T15:14:28 EDT" name="setUp" finished-at="2026-09-17T15:14:35 EDT" duration-ms="6363" status="PASS">
          <reporter-output>
          </reporter-output>
        </test-method> <!-- setUp -->
        <test-method signature="validLoginTest()[pri:0, instance:tests.LoginTest@4d4d48a6]" started-at="2026-09-17T15:14:35 EDT" name="validLoginTest" finished-at="2026-09-17T15:14:51 EDT" duration-ms="15831" status="PASS">
          <reporter-output>
          </reporter-output>
        </test-method> <!-- validLoginTest -->
        <test-method is-config="true" signature="tearDown(org.testng.ITestResult)[pri:0, instance:tests.LoginTest@4d4d48a6]" started-at="2026-09-17T15:14:51 EDT" name="tearDown" finished-at="2026-09-17T15:15:06 EDT" duration-ms="15280" status="PASS">
          <params>
            <param index="0">
              <value>
                <![CDATA[[TestResult name=validLoginTest status=SUCCESS method=LoginTest.validLoginTest()[pri:0, instance:tests.LoginTest@4d4d48a6] output={null}]]]>
              </value>
            </param>
          </params>
          <reporter-output>
          </reporter-output>
        </test-method> <!-- tearDown -->
      </class> <!-- tests.LoginTest -->
      <class name="tests.DeleteEmployeeTest">
        <test-method is-config="true" signature="setUp()[pri:0, instance:tests.DeleteEmployeeTest@315df4bb]" started-at="2026-09-17T15:15:06 EDT" name="setUp" finished-at="2026-09-17T15:15:12 EDT" duration-ms="6191" status="PASS">
          <reporter-output>
          </reporter-output>
        </test-method> <!-- setUp -->
        <test-method signature="deleteEmployeeTest()[pri:0, instance:tests.DeleteEmployeeTest@315df4bb]" started-at="2026-09-17T15:15:12 EDT" name="deleteEmployeeTest" finished-at="2026-09-17T15:16:41 EDT" duration-ms="88492" status="PASS">
          <reporter-output>
          </reporter-output>
        </test-method> <!-- deleteEmployeeTest -->
        <test-method is-config="true" signature="tearDown(org.testng.ITestResult)[pri:0, instance:tests.DeleteEmployeeTest@315df4bb]" started-at="2026-09-17T15:16:41 EDT" name="tearDown" finished-at="2026-09-17T15:16:41 EDT" duration-ms="237" status="PASS">
          <params>
            <param index="0">
              <value>
                <![CDATA[[TestResult name=deleteEmployeeTest status=SUCCESS method=DeleteEmployeeTest.deleteEmployeeTest()[pri:0, instance:tests.DeleteEmployeeTest@315df4bb] output={null}]]]>
              </value>
            </param>
          </params>
          <reporter-output>
          </reporter-output>
        </test-method> <!-- tearDown -->
      </class> <!-- tests.DeleteEmployeeTest -->
      <class name="tests.AddEmployeeTest">
        <test-method is-config="true" signature="setUp()[pri:0, instance:tests.AddEmployeeTest@5cad8b7d]" started-at="2026-09-17T15:17:28 EDT" name="setUp" finished-at="2026-09-17T15:17:36 EDT" duration-ms="8458" status="PASS">
          <reporter-output>
          </reporter-output>
        </test-method> <!-- setUp -->
        <test-method signature="addEmployeeTest()[pri:0, instance:tests.AddEmployeeTest@5cad8b7d]" started-at="2026-09-17T15:17:36 EDT" name="addEmployeeTest" finished-at="2026-09-17T15:18:34 EDT" duration-ms="57929" status="PASS">
          <reporter-output>
          </reporter-output>
        </test-method> <!-- addEmployeeTest -->
        <test-method is-config="true" signature="tearDown(org.testng.ITestResult)[pri:0, instance:tests.AddEmployeeTest@5cad8b7d]" started-at="2026-09-17T15:18:34 EDT" name="tearDown" finished-at="2026-09-17T15:18:34 EDT" duration-ms="172" status="PASS">
          <params>
            <param index="0">
              <value>
                <![CDATA[[TestResult name=addEmployeeTest status=SUCCESS method=AddEmployeeTest.addEmployeeTest()[pri:0, instance:tests.AddEmployeeTest@5cad8b7d] output={null}]]]>
              </value>
            </param>
          </params>
          <reporter-output>
          </reporter-output>
        </test-method> <!-- tearDown -->
      </class> <!-- tests.AddEmployeeTest -->
      <class name="tests.PIMTest">
        <test-method is-config="true" signature="setUp()[pri:0, instance:tests.PIMTest@eadb475]" started-at="2026-09-17T15:13:44 EDT" name="setUp" finished-at="2026-09-17T15:13:51 EDT" duration-ms="7070" status="PASS">
          <reporter-output>
          </reporter-output>
        </test-method> <!-- setUp -->
        <test-method signature="navigateToPIMTest()[pri:0, instance:tests.PIMTest@eadb475]" started-at="2026-09-17T15:13:51 EDT" name="navigateToPIMTest" finished-at="2026-09-17T15:14:28 EDT" duration-ms="37108" status="PASS">
          <reporter-output>
          </reporter-output>
        </test-method> <!-- navigateToPIMTest -->
        <test-method is-config="true" signature="tearDown(org.testng.ITestResult)[pri:0, instance:tests.PIMTest@eadb475]" started-at="2026-09-17T15:14:28 EDT" name="tearDown" finished-at="2026-09-17T15:14:28 EDT" duration-ms="156" status="PASS">
          <params>
            <param index="0">
              <value>
                <![CDATA[[TestResult name=navigateToPIMTest status=SUCCESS method=PIMTest.navigateToPIMTest()[pri:0, instance:tests.PIMTest@eadb475] output={null}]]]>
              </value>
            </param>
          </params>
          <reporter-output>
          </reporter-output>
        </test-method> <!-- tearDown -->
      </class> <!-- tests.PIMTest -->
      <class name="tests.EditEmployeeTest">
        <test-method is-config="true" signature="setUp()[pri:0, instance:tests.EditEmployeeTest@51abf713]" started-at="2026-09-17T15:12:22 EDT" name="setUp" finished-at="2026-09-17T15:12:29 EDT" duration-ms="7478" status="PASS">
          <reporter-output>
          </reporter-output>
        </test-method> <!-- setUp -->
        <test-method signature="editEmployeeTest()[pri:0, instance:tests.EditEmployeeTest@51abf713]" started-at="2026-09-17T15:12:29 EDT" name="editEmployeeTest" finished-at="2026-09-17T15:13:44 EDT" duration-ms="74442" status="PASS">
          <reporter-output>
          </reporter-output>
        </test-method> <!-- editEmployeeTest -->
        <test-method is-config="true" signature="tearDown(org.testng.ITestResult)[pri:0, instance:tests.EditEmployeeTest@51abf713]" started-at="2026-09-17T15:13:44 EDT" name="tearDown" finished-at="2026-09-17T15:13:44 EDT" duration-ms="195" status="PASS">
          <params>
            <param index="0">
              <value>
                <![CDATA[[TestResult name=editEmployeeTest status=SUCCESS method=EditEmployeeTest.editEmployeeTest()[pri:0, instance:tests.EditEmployeeTest@51abf713] output={null}]]]>
              </value>
            </param>
          </params>
          <reporter-output>
          </reporter-output>
        </test-method> <!-- tearDown -->
      </class> <!-- tests.EditEmployeeTest -->
      <class name="tests.LogoutTest">
        <test-method is-config="true" signature="setUp()[pri:0, instance:tests.LogoutTest@3fc08eec]" started-at="2026-09-17T15:16:41 EDT" name="setUp" finished-at="2026-09-17T15:16:49 EDT" duration-ms="7975" status="PASS">
          <reporter-output>
          </reporter-output>
        </test-method> <!-- setUp -->
        <test-method signature="validLogoutTest()[pri:0, instance:tests.LogoutTest@3fc08eec]" started-at="2026-09-17T15:16:49 EDT" name="validLogoutTest" finished-at="2026-09-17T15:17:28 EDT" duration-ms="38858" status="PASS">
          <reporter-output>
          </reporter-output>
        </test-method> <!-- validLogoutTest -->
        <test-method is-config="true" signature="tearDown(org.testng.ITestResult)[pri:0, instance:tests.LogoutTest@3fc08eec]" started-at="2026-09-17T15:17:28 EDT" name="tearDown" finished-at="2026-09-17T15:17:28 EDT" duration-ms="214" status="PASS">
          <params>
            <param index="0">
              <value>
                <![CDATA[[TestResult name=validLogoutTest status=SUCCESS method=LogoutTest.validLogoutTest()[pri:0, instance:tests.LogoutTest@3fc08eec] output={null}]]]>
              </value>
            </param>
          </params>
          <reporter-output>
          </reporter-output>
        </test-method> <!-- tearDown -->
      </class> <!-- tests.LogoutTest -->
      <class name="tests.InvalidLoginTest">
        <test-method is-config="true" signature="setUp()[pri:0, instance:tests.InvalidLoginTest@7b02e036]" started-at="2026-09-17T15:18:34 EDT" name="setUp" finished-at="2026-09-17T15:18:42 EDT" duration-ms="7347" status="PASS">
          <reporter-output>
          </reporter-output>
        </test-method> <!-- setUp -->
        <test-method signature="invalidLoginTest()[pri:0, instance:tests.InvalidLoginTest@7b02e036]" started-at="2026-09-17T15:18:42 EDT" name="invalidLoginTest" finished-at="2026-09-17T15:19:07 EDT" duration-ms="24953" status="PASS">
          <reporter-output>
          </reporter-output>
        </test-method> <!-- invalidLoginTest -->
        <test-method is-config="true" signature="tearDown(org.testng.ITestResult)[pri:0, instance:tests.InvalidLoginTest@7b02e036]" started-at="2026-09-17T15:19:07 EDT" name="tearDown" finished-at="2026-09-17T15:19:13 EDT" duration-ms="6193" status="PASS">
          <params>
            <param index="0">
              <value>
                <![CDATA[[TestResult name=invalidLoginTest status=SUCCESS method=InvalidLoginTest.invalidLoginTest()[pri:0, instance:tests.InvalidLoginTest@7b02e036] output={null}]]]>
              </value>
            </param>
          </params>
          <reporter-output>
          </reporter-output>
        </test-method> <!-- tearDown -->
      </class> <!-- tests.InvalidLoginTest -->
      <class name="tests.SearchEmployeeTest">
        <test-method is-config="true" signature="setUp()[pri:0, instance:tests.SearchEmployeeTest@57a4d5ee]" started-at="2026-09-17T15:11:03 EDT" name="setUp" finished-at="2026-09-17T15:11:12 EDT" duration-ms="8483" status="PASS">
          <reporter-output>
          </reporter-output>
        </test-method> <!-- setUp -->
        <test-method signature="searchEmployeeTest()[pri:0, instance:tests.SearchEmployeeTest@57a4d5ee]" started-at="2026-09-17T15:11:12 EDT" name="searchEmployeeTest" finished-at="2026-09-17T15:12:22 EDT" duration-ms="69687" status="PASS">
          <reporter-output>
          </reporter-output>
        </test-method> <!-- searchEmployeeTest -->
        <test-method is-config="true" signature="tearDown(org.testng.ITestResult)[pri:0, instance:tests.SearchEmployeeTest@57a4d5ee]" started-at="2026-09-17T15:12:22 EDT" name="tearDown" finished-at="2026-09-17T15:12:22 EDT" duration-ms="231" status="PASS">
          <params>
            <param index="0">
              <value>
                <![CDATA[[TestResult name=searchEmployeeTest status=SUCCESS method=SearchEmployeeTest.searchEmployeeTest()[pri:0, instance:tests.SearchEmployeeTest@57a4d5ee] output={null}]]]>
              </value>
            </param>
          </params>
          <reporter-output>
          </reporter-output>
        </test-method> <!-- tearDown -->
      </class> <!-- tests.SearchEmployeeTest -->
    </test> <!-- Regression Tests -->
  </suite> <!-- OrangeHRM Automation Suite -->
</testng-results>
