<?xml version="1.0" encoding="UTF-8"?>
<!-- Generated by org.testng.reporters.JUnitXMLReporter -->
<testsuite ignored="1" hostname="Romanas-MacBook-Air.local" failures="0" tests="3" name="Smoke Tests" time="124.423" errors="0" timestamp="2026-08-21T13:18:03 EDT">
  <testcase classname="tests.LoginTest" name="validLoginTest" time="18.2"/>
  <testcase classname="tests.LogoutTest" name="validLogoutTest" time="42.448"/>
  <testcase classname="tests.InvalidLoginTest" name="invalidLoginTest" time="19.47"/>
  <testcase classname="tests.FrameworkSetupTest" name="launchBrowser" time="0.0">
    <ignored/>
  </testcase> <!-- launchBrowser -->
</testsuite> <!-- Smoke Tests -->
